{"C:\\Users\\Andreea\\vsCodeProjects\\omdb-title-viewer\\api\\src\\index.ts": {"path":"C:\\Users\\Andreea\\vsCodeProjects\\omdb-title-viewer\\api\\src\\index.ts","statementMap":{"0":{"start":{"line":1,"column":0},"end":{"line":1,"column":30}},"1":{"start":{"line":2,"column":0},"end":{"line":2,"column":56}},"2":{"start":{"line":3,"column":0},"end":{"line":3,"column":24}},"3":{"start":{"line":5,"column":12},"end":{"line":5,"column":21}},"4":{"start":{"line":6,"column":13},"end":{"line":6,"column":17}},"5":{"start":{"line":7,"column":0},"end":{"line":7,"column":16}},"6":{"start":{"line":8,"column":0},"end":{"line":8,"column":35}},"7":{"start":{"line":9,"column":0},"end":{"line":11,"column":3}},"8":{"start":{"line":10,"column":2},"end":{"line":10,"column":44}},"9":{"start":{"line":12,"column":0},"end":{"line":12,"column":19}}},"fnMap":{"0":{"name":"(anonymous_1)","decl":{"start":{"line":9,"column":17},"end":{"line":9,"column":20}},"loc":{"start":{"line":9,"column":22},"end":{"line":11,"column":1}}}},"branchMap":{},"s":{"0":1,"1":1,"2":1,"3":1,"4":1,"5":1,"6":1,"7":1,"8":1,"9":1},"f":{"0":1},"b":{}}
,"C:\\Users\\Andreea\\vsCodeProjects\\omdb-title-viewer\\api\\src\\config\\config.ts": {"path":"C:\\Users\\Andreea\\vsCodeProjects\\omdb-title-viewer\\api\\src\\config\\config.ts","statementMap":{"0":{"start":{"line":1,"column":13},"end":{"line":6,"column":2}},"1":{"start":{"line":7,"column":13},"end":{"line":11,"column":null}},"2":{"start":{"line":13,"column":13},"end":{"line":13,"column":49}}},"fnMap":{},"branchMap":{},"s":{"0":1,"1":1,"2":1},"f":{},"b":{}}
,"C:\\Users\\Andreea\\vsCodeProjects\\omdb-title-viewer\\api\\src\\controllers\\movie\\movie.controller.ts": {"path":"C:\\Users\\Andreea\\vsCodeProjects\\omdb-title-viewer\\api\\src\\controllers\\movie\\movie.controller.ts","statementMap":{"0":{"start":{"line":2,"column":0},"end":{"line":2,"column":59}},"1":{"start":{"line":5,"column":2},"end":{"line":13,"column":null}},"2":{"start":{"line":5,"column":61},"end":{"line":13,"column":null}},"3":{"start":{"line":6,"column":4},"end":{"line":12,"column":null}},"4":{"start":{"line":7,"column":23},"end":{"line":7,"column":46}},"5":{"start":{"line":8,"column":21},"end":{"line":8,"column":63}},"6":{"start":{"line":9,"column":6},"end":{"line":9,"column":40}},"7":{"start":{"line":11,"column":6},"end":{"line":11,"column":14}},"8":{"start":{"line":14,"column":2},"end":{"line":23,"column":null}},"9":{"start":{"line":14,"column":62},"end":{"line":23,"column":null}},"10":{"start":{"line":15,"column":4},"end":{"line":22,"column":null}},"11":{"start":{"line":16,"column":23},"end":{"line":16,"column":46}},"12":{"start":{"line":17,"column":17},"end":{"line":17,"column":34}},"13":{"start":{"line":18,"column":20},"end":{"line":18,"column":75}},"14":{"start":{"line":19,"column":6},"end":{"line":19,"column":39}},"15":{"start":{"line":21,"column":6},"end":{"line":21,"column":14}},"16":{"start":{"line":24,"column":2},"end":{"line":33,"column":null}},"17":{"start":{"line":24,"column":60},"end":{"line":33,"column":null}},"18":{"start":{"line":25,"column":4},"end":{"line":32,"column":null}},"19":{"start":{"line":26,"column":23},"end":{"line":26,"column":46}},"20":{"start":{"line":27,"column":23},"end":{"line":27,"column":54}},"21":{"start":{"line":28,"column":27},"end":{"line":28,"column":79}},"22":{"start":{"line":29,"column":6},"end":{"line":29,"column":46}},"23":{"start":{"line":31,"column":6},"end":{"line":31,"column":14}},"24":{"start":{"line":34,"column":2},"end":{"line":43,"column":null}},"25":{"start":{"line":34,"column":60},"end":{"line":43,"column":null}},"26":{"start":{"line":35,"column":4},"end":{"line":42,"column":null}},"27":{"start":{"line":36,"column":23},"end":{"line":36,"column":46}},"28":{"start":{"line":37,"column":28},"end":{"line":37,"column":59}},"29":{"start":{"line":38,"column":27},"end":{"line":38,"column":84}},"30":{"start":{"line":39,"column":6},"end":{"line":39,"column":46}},"31":{"start":{"line":41,"column":6},"end":{"line":41,"column":14}},"32":{"start":{"line":44,"column":2},"end":{"line":51,"column":null}},"33":{"start":{"line":44,"column":60},"end":{"line":51,"column":null}},"34":{"start":{"line":45,"column":4},"end":{"line":50,"column":null}},"35":{"start":{"line":46,"column":17},"end":{"line":46,"column":34}},"36":{"start":{"line":47,"column":6},"end":{"line":47,"column":44}},"37":{"start":{"line":49,"column":6},"end":{"line":49,"column":14}},"38":{"start":{"line":53,"column":19},"end":{"line":53,"column":40}},"39":{"start":{"line":54,"column":0},"end":{"line":54,"column":26}}},"fnMap":{"0":{"name":"(anonymous_8)","decl":{"start":{"line":4,"column":0},"end":{"line":4,"column":6}},"loc":{"start":{"line":4,"column":0},"end":{"line":52,"column":1}}},"1":{"name":"(anonymous_9)","decl":{"start":{"line":5,"column":27},"end":{"line":5,"column":34}},"loc":{"start":{"line":5,"column":61},"end":{"line":13,"column":null}}},"2":{"name":"(anonymous_10)","decl":{"start":{"line":5,"column":61},"end":{"line":5,"column":null}},"loc":{"start":{"line":5,"column":61},"end":{"line":13,"column":3}}},"3":{"name":"(anonymous_11)","decl":{"start":{"line":14,"column":28},"end":{"line":14,"column":35}},"loc":{"start":{"line":14,"column":62},"end":{"line":23,"column":null}}},"4":{"name":"(anonymous_12)","decl":{"start":{"line":14,"column":62},"end":{"line":14,"column":null}},"loc":{"start":{"line":14,"column":62},"end":{"line":23,"column":3}}},"5":{"name":"(anonymous_13)","decl":{"start":{"line":24,"column":27},"end":{"line":24,"column":33}},"loc":{"start":{"line":24,"column":60},"end":{"line":33,"column":null}}},"6":{"name":"(anonymous_14)","decl":{"start":{"line":24,"column":60},"end":{"line":24,"column":null}},"loc":{"start":{"line":24,"column":60},"end":{"line":33,"column":3}}},"7":{"name":"(anonymous_15)","decl":{"start":{"line":34,"column":27},"end":{"line":34,"column":33}},"loc":{"start":{"line":34,"column":60},"end":{"line":43,"column":null}}},"8":{"name":"(anonymous_16)","decl":{"start":{"line":34,"column":60},"end":{"line":34,"column":null}},"loc":{"start":{"line":34,"column":60},"end":{"line":43,"column":3}}},"9":{"name":"(anonymous_17)","decl":{"start":{"line":44,"column":27},"end":{"line":44,"column":33}},"loc":{"start":{"line":44,"column":60},"end":{"line":51,"column":null}}},"10":{"name":"(anonymous_18)","decl":{"start":{"line":44,"column":60},"end":{"line":44,"column":null}},"loc":{"start":{"line":44,"column":60},"end":{"line":51,"column":3}}}},"branchMap":{},"s":{"0":1,"1":1,"2":2,"3":2,"4":2,"5":2,"6":2,"7":0,"8":1,"9":1,"10":1,"11":1,"12":1,"13":1,"14":0,"15":1,"16":1,"17":1,"18":1,"19":1,"20":1,"21":0,"22":0,"23":1,"24":1,"25":1,"26":1,"27":1,"28":1,"29":0,"30":0,"31":1,"32":1,"33":0,"34":0,"35":0,"36":0,"37":0,"38":1,"39":1},"f":{"0":1,"1":2,"2":2,"3":1,"4":1,"5":1,"6":1,"7":1,"8":1,"9":0,"10":0},"b":{}}
,"C:\\Users\\Andreea\\vsCodeProjects\\omdb-title-viewer\\api\\src\\controllers\\movie\\routes.ts": {"path":"C:\\Users\\Andreea\\vsCodeProjects\\omdb-title-viewer\\api\\src\\controllers\\movie\\routes.ts","statementMap":{"0":{"start":{"line":1,"column":0},"end":{"line":1,"column":30}},"1":{"start":{"line":2,"column":0},"end":{"line":2,"column":52}},"2":{"start":{"line":4,"column":21},"end":{"line":4,"column":37}},"3":{"start":{"line":5,"column":0},"end":{"line":5,"column":55}},"4":{"start":{"line":6,"column":0},"end":{"line":6,"column":60}},"5":{"start":{"line":7,"column":0},"end":{"line":7,"column":56}},"6":{"start":{"line":8,"column":0},"end":{"line":8,"column":55}},"7":{"start":{"line":9,"column":0},"end":{"line":9,"column":62}},"8":{"start":{"line":10,"column":0},"end":{"line":10,"column":28}}},"fnMap":{},"branchMap":{},"s":{"0":1,"1":1,"2":1,"3":1,"4":1,"5":1,"6":1,"7":1,"8":1},"f":{},"b":{}}
,"C:\\Users\\Andreea\\vsCodeProjects\\omdb-title-viewer\\api\\src\\models\\sql.ts": {"path":"C:\\Users\\Andreea\\vsCodeProjects\\omdb-title-viewer\\api\\src\\models\\sql.ts","statementMap":{"0":{"start":{"line":1,"column":0},"end":{"line":1,"column":26}},"1":{"start":{"line":2,"column":0},"end":{"line":2,"column":48}},"2":{"start":{"line":4,"column":19},"end":{"line":4,"column":46}},"3":{"start":{"line":6,"column":0},"end":{"line":6,"column":26}}},"fnMap":{},"branchMap":{},"s":{"0":1,"1":1,"2":1,"3":1},"f":{},"b":{}}
,"C:\\Users\\Andreea\\vsCodeProjects\\omdb-title-viewer\\api\\src\\services\\movie.service.ts": {"path":"C:\\Users\\Andreea\\vsCodeProjects\\omdb-title-viewer\\api\\src\\services\\movie.service.ts","statementMap":{"0":{"start":{"line":3,"column":0},"end":{"line":3,"column":35}},"1":{"start":{"line":4,"column":0},"end":{"line":4,"column":43}},"2":{"start":{"line":6,"column":0},"end":{"line":6,"column":26}},"3":{"start":{"line":10,"column":10},"end":{"line":10,"column":57}},"4":{"start":{"line":13,"column":4},"end":{"line":13,"column":41}},"5":{"start":{"line":14,"column":4},"end":{"line":14,"column":41}},"6":{"start":{"line":15,"column":4},"end":{"line":15,"column":41}},"7":{"start":{"line":19,"column":4},"end":{"line":29,"column":null}},"8":{"start":{"line":20,"column":6},"end":{"line":28,"column":9}},"9":{"start":{"line":21,"column":8},"end":{"line":23,"column":null}},"10":{"start":{"line":22,"column":10},"end":{"line":22,"column":24}},"11":{"start":{"line":24,"column":8},"end":{"line":26,"column":null}},"12":{"start":{"line":25,"column":10},"end":{"line":25,"column":54}},"13":{"start":{"line":27,"column":8},"end":{"line":27,"column":26}},"14":{"start":{"line":33,"column":4},"end":{"line":45,"column":7}},"15":{"start":{"line":34,"column":6},"end":{"line":44,"column":11}},"16":{"start":{"line":37,"column":10},"end":{"line":39,"column":null}},"17":{"start":{"line":38,"column":12},"end":{"line":38,"column":26}},"18":{"start":{"line":40,"column":10},"end":{"line":42,"column":null}},"19":{"start":{"line":41,"column":12},"end":{"line":41,"column":62}},"20":{"start":{"line":43,"column":10},"end":{"line":43,"column":28}},"21":{"start":{"line":49,"column":4},"end":{"line":60,"column":7}},"22":{"start":{"line":50,"column":6},"end":{"line":59,"column":11}},"23":{"start":{"line":52,"column":10},"end":{"line":54,"column":null}},"24":{"start":{"line":53,"column":12},"end":{"line":53,"column":26}},"25":{"start":{"line":55,"column":10},"end":{"line":57,"column":null}},"26":{"start":{"line":56,"column":12},"end":{"line":56,"column":62}},"27":{"start":{"line":58,"column":10},"end":{"line":58,"column":28}},"28":{"start":{"line":64,"column":4},"end":{"line":64,"column":56}},"29":{"start":{"line":64,"column":49},"end":{"line":64,"column":56}},"30":{"start":{"line":65,"column":19},"end":{"line":65,"column":67}},"31":{"start":{"line":66,"column":4},"end":{"line":66,"column":35}},"32":{"start":{"line":66,"column":28},"end":{"line":66,"column":35}},"33":{"start":{"line":67,"column":4},"end":{"line":79,"column":7}},"34":{"start":{"line":68,"column":6},"end":{"line":78,"column":9}},"35":{"start":{"line":72,"column":8},"end":{"line":74,"column":null}},"36":{"start":{"line":73,"column":10},"end":{"line":73,"column":24}},"37":{"start":{"line":75,"column":8},"end":{"line":75,"column":49}},"38":{"start":{"line":76,"column":8},"end":{"line":76,"column":26}},"39":{"start":{"line":82,"column":4},"end":{"line":101,"column":7}},"40":{"start":{"line":83,"column":6},"end":{"line":100,"column":11}},"41":{"start":{"line":95,"column":10},"end":{"line":97,"column":null}},"42":{"start":{"line":96,"column":12},"end":{"line":96,"column":26}},"43":{"start":{"line":98,"column":10},"end":{"line":98,"column":78}},"44":{"start":{"line":99,"column":10},"end":{"line":99,"column":28}},"45":{"start":{"line":105,"column":4},"end":{"line":114,"column":7}},"46":{"start":{"line":106,"column":6},"end":{"line":113,"column":9}},"47":{"start":{"line":107,"column":8},"end":{"line":109,"column":null}},"48":{"start":{"line":108,"column":10},"end":{"line":108,"column":24}},"49":{"start":{"line":111,"column":8},"end":{"line":111,"column":39}},"50":{"start":{"line":112,"column":8},"end":{"line":112,"column":26}},"51":{"start":{"line":118,"column":4},"end":{"line":118,"column":32}},"52":{"start":{"line":119,"column":27},"end":{"line":119,"column":56}},"53":{"start":{"line":120,"column":4},"end":{"line":126,"column":7}},"54":{"start":{"line":121,"column":6},"end":{"line":123,"column":null}},"55":{"start":{"line":122,"column":8},"end":{"line":122,"column":15}},"56":{"start":{"line":124,"column":6},"end":{"line":124,"column":31}},"57":{"start":{"line":124,"column":24},"end":{"line":124,"column":31}},"58":{"start":{"line":125,"column":6},"end":{"line":125,"column":35}},"59":{"start":{"line":129,"column":21},"end":{"line":129,"column":39}},"60":{"start":{"line":130,"column":0},"end":{"line":130,"column":28}}},"fnMap":{"0":{"name":"(anonymous_8)","decl":{"start":{"line":12,"column":2},"end":{"line":12,"column":null}},"loc":{"start":{"line":12,"column":2},"end":{"line":16,"column":3}}},"1":{"name":"(anonymous_9)","decl":{"start":{"line":18,"column":8},"end":{"line":18,"column":14}},"loc":{"start":{"line":18,"column":35},"end":{"line":30,"column":null}}},"2":{"name":"(anonymous_11)","decl":{"start":{"line":19,"column":23},"end":{"line":19,"column":24}},"loc":{"start":{"line":19,"column":43},"end":{"line":29,"column":5}}},"3":{"name":"(anonymous_12)","decl":{"start":{"line":20,"column":70},"end":{"line":20,"column":71}},"loc":{"start":{"line":20,"column":100},"end":{"line":28,"column":7}}},"4":{"name":"(anonymous_13)","decl":{"start":{"line":24,"column":26},"end":{"line":24,"column":27}},"loc":{"start":{"line":24,"column":48},"end":{"line":26,"column":9}}},"5":{"name":"(anonymous_14)","decl":{"start":{"line":32,"column":8},"end":{"line":32,"column":15}},"loc":{"start":{"line":32,"column":48},"end":{"line":46,"column":null}}},"6":{"name":"(anonymous_16)","decl":{"start":{"line":33,"column":23},"end":{"line":33,"column":24}},"loc":{"start":{"line":33,"column":43},"end":{"line":45,"column":5}}},"7":{"name":"(anonymous_17)","decl":{"start":{"line":36,"column":8},"end":{"line":36,"column":9}},"loc":{"start":{"line":36,"column":38},"end":{"line":44,"column":9}}},"8":{"name":"(anonymous_18)","decl":{"start":{"line":48,"column":8},"end":{"line":48,"column":19}},"loc":{"start":{"line":48,"column":55},"end":{"line":61,"column":null}}},"9":{"name":"(anonymous_20)","decl":{"start":{"line":49,"column":23},"end":{"line":49,"column":24}},"loc":{"start":{"line":49,"column":43},"end":{"line":60,"column":5}}},"10":{"name":"(anonymous_21)","decl":{"start":{"line":51,"column":8},"end":{"line":51,"column":9}},"loc":{"start":{"line":51,"column":38},"end":{"line":59,"column":9}}},"11":{"name":"(anonymous_22)","decl":{"start":{"line":63,"column":8},"end":{"line":63,"column":14}},"loc":{"start":{"line":63,"column":52},"end":{"line":80,"column":null}}},"12":{"name":"(anonymous_24)","decl":{"start":{"line":67,"column":23},"end":{"line":67,"column":24}},"loc":{"start":{"line":67,"column":43},"end":{"line":79,"column":5}}},"13":{"name":"(anonymous_25)","decl":{"start":{"line":71,"column":7},"end":{"line":71,"column":8}},"loc":{"start":{"line":71,"column":37},"end":{"line":78,"column":7}}},"14":{"name":"(anonymous_26)","decl":{"start":{"line":81,"column":8},"end":{"line":81,"column":14}},"loc":{"start":{"line":81,"column":56},"end":{"line":102,"column":null}}},"15":{"name":"(anonymous_28)","decl":{"start":{"line":82,"column":23},"end":{"line":82,"column":24}},"loc":{"start":{"line":82,"column":43},"end":{"line":101,"column":5}}},"16":{"name":"(anonymous_29)","decl":{"start":{"line":94,"column":11},"end":{"line":94,"column":12}},"loc":{"start":{"line":94,"column":41},"end":{"line":100,"column":9}}},"17":{"name":"(anonymous_30)","decl":{"start":{"line":104,"column":8},"end":{"line":104,"column":14}},"loc":{"start":{"line":104,"column":25},"end":{"line":115,"column":null}}},"18":{"name":"(anonymous_32)","decl":{"start":{"line":105,"column":23},"end":{"line":105,"column":24}},"loc":{"start":{"line":105,"column":43},"end":{"line":114,"column":5}}},"19":{"name":"(anonymous_33)","decl":{"start":{"line":106,"column":60},"end":{"line":106,"column":61}},"loc":{"start":{"line":106,"column":90},"end":{"line":113,"column":7}}},"20":{"name":"(anonymous_34)","decl":{"start":{"line":117,"column":16},"end":{"line":117,"column":22}},"loc":{"start":{"line":117,"column":57},"end":{"line":127,"column":null}}},"21":{"name":"(anonymous_36)","decl":{"start":{"line":120,"column":26},"end":{"line":120,"column":27}},"loc":{"start":{"line":120,"column":43},"end":{"line":126,"column":5}}}},"branchMap":{"0":{"loc":{"start":{"line":21,"column":8},"end":{"line":23,"column":null}},"type":"if","locations":[{"start":{"line":21,"column":8},"end":{"line":23,"column":null}}]},"1":{"loc":{"start":{"line":24,"column":8},"end":{"line":26,"column":10}},"type":"cond-expr","locations":[{"start":{"line":24,"column":16},"end":{"line":24,"column":18}},{"start":{"line":24,"column":8},"end":{"line":26,"column":10}}]},"2":{"loc":{"start":{"line":24,"column":8},"end":{"line":24,"column":18}},"type":"binary-expr","locations":[{"start":{"line":24,"column":8},"end":{"line":24,"column":18}},{"start":{"line":24,"column":8},"end":{"line":24,"column":18}}]},"3":{"loc":{"start":{"line":37,"column":10},"end":{"line":39,"column":null}},"type":"if","locations":[{"start":{"line":37,"column":10},"end":{"line":39,"column":null}}]},"4":{"loc":{"start":{"line":40,"column":10},"end":{"line":42,"column":null}},"type":"if","locations":[{"start":{"line":40,"column":10},"end":{"line":42,"column":null}}]},"5":{"loc":{"start":{"line":52,"column":10},"end":{"line":54,"column":null}},"type":"if","locations":[{"start":{"line":52,"column":10},"end":{"line":54,"column":null}}]},"6":{"loc":{"start":{"line":55,"column":10},"end":{"line":57,"column":null}},"type":"if","locations":[{"start":{"line":55,"column":10},"end":{"line":57,"column":null}}]},"7":{"loc":{"start":{"line":64,"column":4},"end":{"line":64,"column":56}},"type":"if","locations":[{"start":{"line":64,"column":4},"end":{"line":64,"column":56}}]},"8":{"loc":{"start":{"line":66,"column":4},"end":{"line":66,"column":35}},"type":"if","locations":[{"start":{"line":66,"column":4},"end":{"line":66,"column":35}}]},"9":{"loc":{"start":{"line":66,"column":8},"end":{"line":66,"column":22}},"type":"cond-expr","locations":[{"start":{"line":66,"column":14},"end":{"line":66,"column":16}},{"start":{"line":66,"column":8},"end":{"line":66,"column":22}}]},"10":{"loc":{"start":{"line":66,"column":8},"end":{"line":66,"column":16}},"type":"binary-expr","locations":[{"start":{"line":66,"column":8},"end":{"line":66,"column":16}},{"start":{"line":66,"column":8},"end":{"line":66,"column":16}}]},"11":{"loc":{"start":{"line":72,"column":8},"end":{"line":74,"column":null}},"type":"if","locations":[{"start":{"line":72,"column":8},"end":{"line":74,"column":null}}]},"12":{"loc":{"start":{"line":95,"column":10},"end":{"line":97,"column":null}},"type":"if","locations":[{"start":{"line":95,"column":10},"end":{"line":97,"column":null}}]},"13":{"loc":{"start":{"line":107,"column":8},"end":{"line":109,"column":null}},"type":"if","locations":[{"start":{"line":107,"column":8},"end":{"line":109,"column":null}}]},"14":{"loc":{"start":{"line":119,"column":27},"end":{"line":119,"column":56}},"type":"cond-expr","locations":[{"start":{"line":119,"column":50},"end":{"line":119,"column":52}},{"start":{"line":119,"column":50},"end":{"line":119,"column":56}}]},"15":{"loc":{"start":{"line":119,"column":27},"end":{"line":119,"column":52}},"type":"binary-expr","locations":[{"start":{"line":119,"column":27},"end":{"line":119,"column":52}},{"start":{"line":119,"column":50},"end":{"line":119,"column":52}}]},"16":{"loc":{"start":{"line":121,"column":6},"end":{"line":123,"column":null}},"type":"if","locations":[{"start":{"line":121,"column":6},"end":{"line":123,"column":null}}]},"17":{"loc":{"start":{"line":121,"column":10},"end":{"line":121,"column":78}},"type":"binary-expr","locations":[{"start":{"line":121,"column":10},"end":{"line":121,"column":38}},{"start":{"line":121,"column":42},"end":{"line":121,"column":78}}]},"18":{"loc":{"start":{"line":124,"column":6},"end":{"line":124,"column":31}},"type":"if","locations":[{"start":{"line":124,"column":6},"end":{"line":124,"column":31}}]},"19":{"loc":{"start":{"line":124,"column":10},"end":{"line":124,"column":22}},"type":"cond-expr","locations":[{"start":{"line":124,"column":15},"end":{"line":124,"column":17}},{"start":{"line":124,"column":10},"end":{"line":124,"column":22}}]},"20":{"loc":{"start":{"line":124,"column":10},"end":{"line":124,"column":17}},"type":"binary-expr","locations":[{"start":{"line":124,"column":10},"end":{"line":124,"column":17}},{"start":{"line":124,"column":10},"end":{"line":124,"column":17}}]}},"s":{"0":1,"1":1,"2":1,"3":1,"4":1,"5":1,"6":1,"7":5,"8":5,"9":5,"10":0,"11":5,"12":50,"13":5,"14":1,"15":1,"16":1,"17":1,"18":1,"19":0,"20":1,"21":0,"22":0,"23":0,"24":0,"25":0,"26":0,"27":0,"28":0,"29":0,"30":0,"31":0,"32":0,"33":0,"34":0,"35":0,"36":0,"37":0,"38":0,"39":0,"40":0,"41":0,"42":0,"43":0,"44":0,"45":0,"46":0,"47":0,"48":0,"49":0,"50":0,"51":3,"52":3,"53":0,"54":0,"55":0,"56":0,"57":0,"58":0,"59":1,"60":1},"f":{"0":1,"1":5,"2":5,"3":5,"4":50,"5":1,"6":1,"7":1,"8":0,"9":0,"10":0,"11":0,"12":0,"13":0,"14":0,"15":0,"16":0,"17":0,"18":0,"19":0,"20":3,"21":0},"b":{"0":[0],"1":[0,5],"2":[5,5],"3":[1],"4":[0],"5":[0],"6":[0],"7":[0],"8":[0],"9":[0,0],"10":[0,0],"11":[0],"12":[0],"13":[0],"14":[0,0],"15":[3,0],"16":[0],"17":[0,0],"18":[0],"19":[0,0],"20":[0,0]}}
}
