TN:
SF:src\index.ts
FN:9,(anonymous_1)
FNF:1
FNH:1
FNDA:1,(anonymous_1)
DA:1,1
DA:2,1
DA:3,1
DA:5,1
DA:6,1
DA:7,1
DA:8,1
DA:9,1
DA:10,1
DA:12,1
LF:10
LH:10
BRF:0
BRH:0
end_of_record
TN:
SF:src\config\config.ts
FNF:0
FNH:0
DA:1,1
DA:7,1
DA:13,1
LF:3
LH:3
BRF:0
BRH:0
end_of_record
TN:
SF:src\controllers\movie\movie.controller.ts
FN:4,(anonymous_8)
FN:5,(anonymous_9)
FN:5,(anonymous_10)
FN:14,(anonymous_11)
FN:14,(anonymous_12)
FN:24,(anonymous_13)
FN:24,(anonymous_14)
FN:34,(anonymous_15)
FN:34,(anonymous_16)
FN:44,(anonymous_17)
FN:44,(anonymous_18)
FNF:11
FNH:9
FNDA:1,(anonymous_8)
FNDA:2,(anonymous_9)
FNDA:2,(anonymous_10)
FNDA:1,(anonymous_11)
FNDA:1,(anonymous_12)
FNDA:1,(anonymous_13)
FNDA:1,(anonymous_14)
FNDA:1,(anonymous_15)
FNDA:1,(anonymous_16)
FNDA:0,(anonymous_17)
FNDA:0,(anonymous_18)
DA:2,1
DA:5,2
DA:6,2
DA:7,2
DA:8,2
DA:9,2
DA:11,0
DA:14,1
DA:15,1
DA:16,1
DA:17,1
DA:18,1
DA:19,0
DA:21,1
DA:24,1
DA:25,1
DA:26,1
DA:27,1
DA:28,0
DA:29,0
DA:31,1
DA:34,1
DA:35,1
DA:36,1
DA:37,1
DA:38,0
DA:39,0
DA:41,1
DA:44,1
DA:45,0
DA:46,0
DA:47,0
DA:49,0
DA:53,1
DA:54,1
LF:35
LH:25
BRF:0
BRH:0
end_of_record
TN:
SF:src\controllers\movie\routes.ts
FNF:0
FNH:0
DA:1,1
DA:2,1
DA:4,1
DA:5,1
DA:6,1
DA:7,1
DA:8,1
DA:9,1
DA:10,1
LF:9
LH:9
BRF:0
BRH:0
end_of_record
TN:
SF:src\models\sql.ts
FNF:0
FNH:0
DA:1,1
DA:2,1
DA:4,1
DA:6,1
LF:4
LH:4
BRF:0
BRH:0
end_of_record
TN:
SF:src\services\movie.service.ts
FN:12,(anonymous_8)
FN:18,(anonymous_9)
FN:19,(anonymous_11)
FN:20,(anonymous_12)
FN:24,(anonymous_13)
FN:32,(anonymous_14)
FN:33,(anonymous_16)
FN:36,(anonymous_17)
FN:48,(anonymous_18)
FN:49,(anonymous_20)
FN:51,(anonymous_21)
FN:63,(anonymous_22)
FN:67,(anonymous_24)
FN:71,(anonymous_25)
FN:81,(anonymous_26)
FN:82,(anonymous_28)
FN:94,(anonymous_29)
FN:104,(anonymous_30)
FN:105,(anonymous_32)
FN:106,(anonymous_33)
FN:117,(anonymous_34)
FN:120,(anonymous_36)
FNF:22
FNH:9
FNDA:1,(anonymous_8)
FNDA:5,(anonymous_9)
FNDA:5,(anonymous_11)
FNDA:5,(anonymous_12)
FNDA:50,(anonymous_13)
FNDA:1,(anonymous_14)
FNDA:1,(anonymous_16)
FNDA:1,(anonymous_17)
FNDA:0,(anonymous_18)
FNDA:0,(anonymous_20)
FNDA:0,(anonymous_21)
FNDA:0,(anonymous_22)
FNDA:0,(anonymous_24)
FNDA:0,(anonymous_25)
FNDA:0,(anonymous_26)
FNDA:0,(anonymous_28)
FNDA:0,(anonymous_29)
FNDA:0,(anonymous_30)
FNDA:0,(anonymous_32)
FNDA:0,(anonymous_33)
FNDA:3,(anonymous_34)
FNDA:0,(anonymous_36)
DA:3,1
DA:4,1
DA:6,1
DA:10,1
DA:13,1
DA:14,1
DA:15,1
DA:19,5
DA:20,5
DA:21,5
DA:22,0
DA:24,5
DA:25,50
DA:27,5
DA:33,1
DA:34,1
DA:37,1
DA:38,1
DA:40,1
DA:41,0
DA:43,1
DA:49,0
DA:50,0
DA:52,0
DA:53,0
DA:55,0
DA:56,0
DA:58,0
DA:64,0
DA:65,0
DA:66,0
DA:67,0
DA:68,0
DA:72,0
DA:73,0
DA:75,0
DA:76,0
DA:82,0
DA:83,0
DA:95,0
DA:96,0
DA:98,0
DA:99,0
DA:105,0
DA:106,0
DA:107,0
DA:108,0
DA:111,0
DA:112,0
DA:118,3
DA:119,3
DA:120,0
DA:121,0
DA:122,0
DA:124,0
DA:125,0
DA:129,1
DA:130,1
LF:58
LH:23
BRDA:21,0,0,0
BRDA:24,1,0,0
BRDA:24,1,1,5
BRDA:24,2,0,5
BRDA:24,2,1,5
BRDA:37,3,0,1
BRDA:40,4,0,0
BRDA:52,5,0,0
BRDA:55,6,0,0
BRDA:64,7,0,0
BRDA:66,8,0,0
BRDA:66,9,0,0
BRDA:66,9,1,0
BRDA:66,10,0,0
BRDA:66,10,1,0
BRDA:72,11,0,0
BRDA:95,12,0,0
BRDA:107,13,0,0
BRDA:119,14,0,0
BRDA:119,14,1,0
BRDA:119,15,0,3
BRDA:119,15,1,0
BRDA:121,16,0,0
BRDA:121,17,0,0
BRDA:121,17,1,0
BRDA:124,18,0,0
BRDA:124,19,0,0
BRDA:124,19,1,0
BRDA:124,20,0,0
BRDA:124,20,1,0
BRF:30
BRH:5
end_of_record
